  sim_main.cpp
  C:\Program Files (x86)\Windows Kits\10\Include\10.0.19041.0\um\dinput.h: DIRECTINPUT_VERSION undefined. Defaulting to version 0x0800
C:\NoSync\MiSTer\Other Peoples Repos\Sajattack\Gigatron_MiSTer\verilator\sim_main.cpp(134,21): error C2039: 'AUDIO_L': is not a member of 'Vtop'
C:\NoSync\MiSTer\Other Peoples Repos\Sajattack\Gigatron_MiSTer\verilator\obj_dir\Vtop.h(23): message : see declaration of 'Vtop'
C:\NoSync\MiSTer\Other Peoples Repos\Sajattack\Gigatron_MiSTer\verilator\sim_main.cpp(134,35): error C2039: 'AUDIO_R': is not a member of 'Vtop'
C:\NoSync\MiSTer\Other Peoples Repos\Sajattack\Gigatron_MiSTer\verilator\obj_dir\Vtop.h(23): message : see declaration of 'Vtop'
C:\NoSync\MiSTer\Other Peoples Repos\Sajattack\Gigatron_MiSTer\verilator\sim_main.cpp(134,42): error C2660: 'SimAudio::Clock': function does not take 1 arguments
C:\NoSync\MiSTer\Other Peoples Repos\Sajattack\Gigatron_MiSTer\verilator\sim\sim_audio.h(19,7): message : see declaration of 'SimAudio::Clock'
C:\NoSync\MiSTer\Other Peoples Repos\Sajattack\Gigatron_MiSTer\verilator\sim_main.cpp(139,34): error C2039: 'CE_PIXEL': is not a member of 'Vtop'
C:\NoSync\MiSTer\Other Peoples Repos\Sajattack\Gigatron_MiSTer\verilator\obj_dir\Vtop.h(23): message : see declaration of 'Vtop'
C:\NoSync\MiSTer\Other Peoples Repos\Sajattack\Gigatron_MiSTer\verilator\sim_main.cpp(141,21): error C2039: 'VGA_HB': is not a member of 'Vtop'
C:\NoSync\MiSTer\Other Peoples Repos\Sajattack\Gigatron_MiSTer\verilator\obj_dir\Vtop.h(23): message : see declaration of 'Vtop'
C:\NoSync\MiSTer\Other Peoples Repos\Sajattack\Gigatron_MiSTer\verilator\sim_main.cpp(141,34): error C2039: 'VGA_VB': is not a member of 'Vtop'
C:\NoSync\MiSTer\Other Peoples Repos\Sajattack\Gigatron_MiSTer\verilator\obj_dir\Vtop.h(23): message : see declaration of 'Vtop'
C:\NoSync\MiSTer\Other Peoples Repos\Sajattack\Gigatron_MiSTer\verilator\sim_main.cpp(141,74): error C2660: 'SimVideo::Clock': function does not take 4 arguments
C:\NoSync\MiSTer\Other Peoples Repos\Sajattack\Gigatron_MiSTer\verilator\sim\sim_video.h(41,7): message : see declaration of 'SimVideo::Clock'
C:\NoSync\MiSTer\Other Peoples Repos\Sajattack\Gigatron_MiSTer\verilator\sim_main.cpp(185,24): error C2039: 'ps2_key': is not a member of 'Vtop'
C:\NoSync\MiSTer\Other Peoples Repos\Sajattack\Gigatron_MiSTer\verilator\obj_dir\Vtop.h(23): message : see declaration of 'Vtop'
C:\NoSync\MiSTer\Other Peoples Repos\Sajattack\Gigatron_MiSTer\verilator\sim_main.cpp(391,42): error C2039: 'AUDIO_L': is not a member of 'Vtop'
C:\NoSync\MiSTer\Other Peoples Repos\Sajattack\Gigatron_MiSTer\verilator\obj_dir\Vtop.h(23): message : see declaration of 'Vtop'
C:\NoSync\MiSTer\Other Peoples Repos\Sajattack\Gigatron_MiSTer\verilator\sim_main.cpp(391,70): error C2039: 'AUDIO_R': is not a member of 'Vtop'
C:\NoSync\MiSTer\Other Peoples Repos\Sajattack\Gigatron_MiSTer\verilator\obj_dir\Vtop.h(23): message : see declaration of 'Vtop'
C:\NoSync\MiSTer\Other Peoples Repos\Sajattack\Gigatron_MiSTer\verilator\sim_main.cpp(391,77): error C2660: 'SimAudio::CollectDebug': function does not take 1 arguments
C:\NoSync\MiSTer\Other Peoples Repos\Sajattack\Gigatron_MiSTer\verilator\sim\sim_audio.h(20,7): message : see declaration of 'SimAudio::CollectDebug'
C:\NoSync\MiSTer\Other Peoples Repos\Sajattack\Gigatron_MiSTer\verilator\sim_main.cpp(417,8): error C2039: 'menu': is not a member of 'Vtop'
C:\NoSync\MiSTer\Other Peoples Repos\Sajattack\Gigatron_MiSTer\verilator\obj_dir\Vtop.h(23): message : see declaration of 'Vtop'
C:\NoSync\MiSTer\Other Peoples Repos\Sajattack\Gigatron_MiSTer\verilator\sim_main.cpp(419,8): error C2039: 'joystick_0': is not a member of 'Vtop'
C:\NoSync\MiSTer\Other Peoples Repos\Sajattack\Gigatron_MiSTer\verilator\obj_dir\Vtop.h(23): message : see declaration of 'Vtop'
C:\NoSync\MiSTer\Other Peoples Repos\Sajattack\Gigatron_MiSTer\verilator\sim_main.cpp(422,32): error C2039: 'joystick_0': is not a member of 'Vtop'
C:\NoSync\MiSTer\Other Peoples Repos\Sajattack\Gigatron_MiSTer\verilator\obj_dir\Vtop.h(23): message : see declaration of 'Vtop'
C:\NoSync\MiSTer\Other Peoples Repos\Sajattack\Gigatron_MiSTer\verilator\sim_main.cpp(424,8): error C2039: 'joystick_1': is not a member of 'Vtop'
C:\NoSync\MiSTer\Other Peoples Repos\Sajattack\Gigatron_MiSTer\verilator\obj_dir\Vtop.h(23): message : see declaration of 'Vtop'
C:\NoSync\MiSTer\Other Peoples Repos\Sajattack\Gigatron_MiSTer\verilator\sim_main.cpp(424,26): error C2039: 'joystick_0': is not a member of 'Vtop'
C:\NoSync\MiSTer\Other Peoples Repos\Sajattack\Gigatron_MiSTer\verilator\obj_dir\Vtop.h(23): message : see declaration of 'Vtop'
C:\NoSync\MiSTer\Other Peoples Repos\Sajattack\Gigatron_MiSTer\verilator\sim_main.cpp(455,8): error C2039: 'ps2_mouse': is not a member of 'Vtop'
C:\NoSync\MiSTer\Other Peoples Repos\Sajattack\Gigatron_MiSTer\verilator\obj_dir\Vtop.h(23): message : see declaration of 'Vtop'
C:\NoSync\MiSTer\Other Peoples Repos\Sajattack\Gigatron_MiSTer\verilator\sim_main.cpp(456,8): error C2039: 'ps2_mouse_ext': is not a member of 'Vtop'
C:\NoSync\MiSTer\Other Peoples Repos\Sajattack\Gigatron_MiSTer\verilator\obj_dir\Vtop.h(23): message : see declaration of 'Vtop'
